<?xml version="1.0" encoding="UTF-8"?>
<testng-results skipped="0" failed="0" ignored="0" total="1" passed="1">
  <reporter-output>
  </reporter-output>
  <suite name="Surefire suite" duration-ms="9658" started-at="2022-08-05T13:18:12 EET" finished-at="2022-08-05T13:18:22 EET">
    <groups>
      <group name="cucumber">
        <method signature="AbstractTestNGCucumberTests.runScenario(io.cucumber.testng.PickleWrapper,io.cucumber.testng.FeatureWrapper)[pri:0, instance:org.example.testRunner.Runners@42f93a98]" name="runScenario" class="io.cucumber.testng.AbstractTestNGCucumberTests"/>
      </group> <!-- cucumber -->
    </groups>
    <test name="Surefire test" duration-ms="9658" started-at="2022-08-05T13:18:12 EET" finished-at="2022-08-05T13:18:22 EET">
      <class name="org.example.testRunner.Runners">
        <test-method status="PASS" signature="setUpClass(org.testng.ITestContext)[pri:0, instance:org.example.testRunner.Runners@42f93a98]" name="setUpClass" is-config="true" duration-ms="497" started-at="2022-08-05T13:18:12 EET" finished-at="2022-08-05T13:18:13 EET">
          <params>
            <param index="0">
              <value>
                <![CDATA[org.testng.TestRunner@153d4abb]]>
              </value>
            </param>
          </params>
          <reporter-output>
          </reporter-output>
        </test-method> <!-- setUpClass -->
        <test-method status="PASS" signature="runScenario(io.cucumber.testng.PickleWrapper,io.cucumber.testng.FeatureWrapper)[pri:0, instance:org.example.testRunner.Runners@42f93a98]" name="runScenario" duration-ms="9057" started-at="2022-08-05T13:18:13 EET" description="Runs Cucumber Scenarios" data-provider="scenarios" finished-at="2022-08-05T13:18:22 EET">
          <params>
            <param index="0">
              <value>
                <![CDATA["guest user could register with valid data successfully"]]>
              </value>
            </param>
            <param index="1">
              <value>
                <![CDATA["F01_Registration | users could register with new accounts"]]>
              </value>
            </param>
          </params>
          <reporter-output>
          </reporter-output>
        </test-method> <!-- runScenario -->
        <test-method status="PASS" signature="tearDownClass()[pri:0, instance:org.example.testRunner.Runners@42f93a98]" name="tearDownClass" is-config="true" duration-ms="74" started-at="2022-08-05T13:18:22 EET" finished-at="2022-08-05T13:18:22 EET">
          <reporter-output>
          </reporter-output>
        </test-method> <!-- tearDownClass -->
      </class> <!-- org.example.testRunner.Runners -->
    </test> <!-- Surefire test -->
  </suite> <!-- Surefire suite -->
</testng-results>
